[17:46:55] [ServerMain/INFO]: Building unoptimized datafixer
[17:46:58] [ServerMain/INFO]: Environment: authHost='https://authserver.mojang.com', accountsHost='https://api.mojang.com', sessionHost='https://sessionserver.mojang.com', servicesHost='https://api.minecraftservices.com', name='PROD'
[17:47:06] [ServerMain/INFO]: Loaded 7 recipes
[17:47:06] [ServerMain/INFO]: Loaded 1179 advancements
[17:47:08] [Server thread/INFO]: Starting minecraft server version 1.19.3
[17:47:08] [Server thread/INFO]: Loading properties
[17:47:08] [Server thread/INFO]: Default game type: SURVIVAL
[17:47:08] [Server thread/INFO]: Generating keypair
[17:47:08] [Server thread/INFO]: Starting Minecraft server on *:25565
[17:47:08] [Server thread/INFO]: Using epoll channel type
[17:47:08] [Server thread/WARN]: **** SERVER IS RUNNING IN OFFLINE/INSECURE MODE!
[17:47:08] [Server thread/WARN]: The server will make no attempt to authenticate usernames. Beware.
[17:47:08] [Server thread/WARN]: While this makes the game possible to play without internet access, it also opens up the ability for hackers to connect with any username they choose.
[17:47:08] [Server thread/WARN]: To change this, set "online-mode" to "true" in the server.properties file.
[17:47:08] [Server thread/INFO]: Preparing level "world"
[17:47:20] [Server thread/INFO]: Preparing start region for dimension minecraft:overworld
[17:47:35] [Worker-Main-1/INFO]: Preparing spawn area: 0%
[17:48:00] [Worker-Main-1/INFO]: Preparing spawn area: 0%
[17:48:00] [Worker-Main-1/INFO]: Preparing spawn area: 0%
[17:48:00] [Worker-Main-1/INFO]: Preparing spawn area: 0%
[17:48:00] [Worker-Main-1/INFO]: Preparing spawn area: 0%
[17:48:00] [Worker-Main-1/INFO]: Preparing spawn area: 0%
[17:48:00] [Worker-Main-1/INFO]: Preparing spawn area: 0%
[17:48:00] [Worker-Main-1/INFO]: Preparing spawn area: 0%
[17:48:00] [Worker-Main-1/INFO]: Preparing spawn area: 0%
[17:48:00] [Worker-Main-1/INFO]: Preparing spawn area: 0%
[17:48:00] [Worker-Main-1/INFO]: Preparing spawn area: 0%
[17:48:00] [Worker-Main-1/INFO]: Preparing spawn area: 0%
[17:48:00] [Worker-Main-1/INFO]: Preparing spawn area: 0%
[17:48:00] [Worker-Main-1/INFO]: Preparing spawn area: 0%
[17:48:00] [Worker-Main-1/INFO]: Preparing spawn area: 0%
[17:48:00] [Worker-Main-1/INFO]: Preparing spawn area: 0%
[17:48:00] [Worker-Main-1/INFO]: Preparing spawn area: 0%
[17:48:00] [Worker-Main-1/INFO]: Preparing spawn area: 0%
[17:48:00] [Worker-Main-1/INFO]: Preparing spawn area: 0%
[17:48:00] [Worker-Main-1/INFO]: Preparing spawn area: 0%
[17:48:00] [Worker-Main-1/INFO]: Preparing spawn area: 0%
[17:48:00] [Worker-Main-1/INFO]: Preparing spawn area: 0%
[17:48:00] [Worker-Main-1/INFO]: Preparing spawn area: 0%
[17:48:00] [Worker-Main-1/INFO]: Preparing spawn area: 0%
[17:48:00] [Worker-Main-1/INFO]: Preparing spawn area: 0%
[17:48:00] [Worker-Main-1/INFO]: Preparing spawn area: 0%
[17:48:00] [Worker-Main-1/INFO]: Preparing spawn area: 0%
[17:48:00] [Worker-Main-1/INFO]: Preparing spawn area: 0%
[17:48:00] [Worker-Main-1/INFO]: Preparing spawn area: 0%
[17:48:00] [Worker-Main-1/INFO]: Preparing spawn area: 0%
[17:48:00] [Worker-Main-1/INFO]: Preparing spawn area: 0%
[17:48:00] [Worker-Main-1/INFO]: Preparing spawn area: 0%
[17:48:00] [Worker-Main-1/INFO]: Preparing spawn area: 0%
[17:48:00] [Worker-Main-1/INFO]: Preparing spawn area: 0%
[17:48:00] [Worker-Main-1/INFO]: Preparing spawn area: 0%
[17:48:00] [Worker-Main-1/INFO]: Preparing spawn area: 0%
[17:48:00] [Worker-Main-1/INFO]: Preparing spawn area: 0%
[17:48:00] [Worker-Main-1/INFO]: Preparing spawn area: 0%
[17:48:00] [Worker-Main-1/INFO]: Preparing spawn area: 0%
[17:48:00] [Worker-Main-1/INFO]: Preparing spawn area: 0%
[17:48:00] [Worker-Main-1/INFO]: Preparing spawn area: 0%
[17:48:00] [Worker-Main-1/INFO]: Preparing spawn area: 0%
[17:48:00] [Worker-Main-1/INFO]: Preparing spawn area: 0%
[17:48:00] [Worker-Main-1/INFO]: Preparing spawn area: 0%
[17:48:00] [Worker-Main-1/INFO]: Preparing spawn area: 0%
[17:48:00] [Worker-Main-1/INFO]: Preparing spawn area: 0%
[17:48:00] [Worker-Main-1/INFO]: Preparing spawn area: 0%
[17:48:00] [Worker-Main-1/INFO]: Preparing spawn area: 0%
[17:48:00] [Worker-Main-1/INFO]: Preparing spawn area: 0%
[17:48:00] [Worker-Main-1/INFO]: Preparing spawn area: 0%
[17:48:00] [Worker-Main-1/INFO]: Preparing spawn area: 0%
[17:48:00] [Worker-Main-1/INFO]: Preparing spawn area: 0%
[17:48:00] [Worker-Main-1/INFO]: Preparing spawn area: 0%
[17:48:00] [Worker-Main-1/INFO]: Preparing spawn area: 0%
[17:48:00] [Worker-Main-1/INFO]: Preparing spawn area: 0%
[17:48:00] [Worker-Main-1/INFO]: Preparing spawn area: 0%
[17:48:00] [Worker-Main-1/INFO]: Preparing spawn area: 0%
[17:48:00] [Worker-Main-1/INFO]: Preparing spawn area: 0%
[17:48:00] [Worker-Main-1/INFO]: Preparing spawn area: 0%
[17:48:00] [Worker-Main-1/INFO]: Preparing spawn area: 0%
[17:48:00] [Worker-Main-1/INFO]: Preparing spawn area: 0%
[17:48:00] [Worker-Main-1/INFO]: Preparing spawn area: 0%
[17:48:00] [Worker-Main-1/INFO]: Preparing spawn area: 0%
[17:48:00] [Worker-Main-1/INFO]: Preparing spawn area: 0%
[17:48:00] [Worker-Main-1/INFO]: Preparing spawn area: 0%
[17:48:00] [Worker-Main-1/INFO]: Preparing spawn area: 0%
[17:48:00] [Worker-Main-1/INFO]: Preparing spawn area: 0%
[17:48:00] [Worker-Main-1/INFO]: Preparing spawn area: 0%
[17:48:00] [Worker-Main-1/INFO]: Preparing spawn area: 0%
[17:48:00] [Worker-Main-1/INFO]: Preparing spawn area: 0%
[17:48:00] [Worker-Main-1/INFO]: Preparing spawn area: 0%
[17:48:00] [Worker-Main-1/INFO]: Preparing spawn area: 0%
[17:48:00] [Worker-Main-1/INFO]: Preparing spawn area: 0%
[17:48:00] [Worker-Main-1/INFO]: Preparing spawn area: 0%
[17:48:00] [Worker-Main-1/INFO]: Preparing spawn area: 0%
[17:48:00] [Worker-Main-1/INFO]: Preparing spawn area: 0%
[17:48:01] [Worker-Main-1/INFO]: Preparing spawn area: 0%
[17:48:01] [Worker-Main-1/INFO]: Preparing spawn area: 0%
[17:48:01] [Worker-Main-1/INFO]: Preparing spawn area: 0%
[17:48:01] [Worker-Main-1/INFO]: Preparing spawn area: 0%
[17:48:01] [Worker-Main-1/INFO]: Preparing spawn area: 0%
[17:48:01] [Worker-Main-1/INFO]: Preparing spawn area: 0%
[17:48:01] [Worker-Main-1/INFO]: Preparing spawn area: 0%
[17:48:03] [Worker-Main-1/INFO]: Preparing spawn area: 0%
[17:48:03] [Worker-Main-1/INFO]: Preparing spawn area: 0%
[17:48:03] [Worker-Main-1/INFO]: Preparing spawn area: 0%
[17:48:03] [Worker-Main-1/INFO]: Preparing spawn area: 0%
[17:48:03] [Worker-Main-1/INFO]: Preparing spawn area: 0%
[17:48:04] [Worker-Main-1/INFO]: Preparing spawn area: 0%
[17:48:04] [Worker-Main-1/INFO]: Preparing spawn area: 0%
[17:48:06] [Worker-Main-1/INFO]: Preparing spawn area: 1%
[17:48:06] [Worker-Main-1/INFO]: Preparing spawn area: 1%
[17:48:06] [Worker-Main-1/INFO]: Preparing spawn area: 1%
[17:48:06] [Worker-Main-1/INFO]: Preparing spawn area: 1%
[17:48:07] [Worker-Main-1/INFO]: Preparing spawn area: 1%
[17:48:07] [Worker-Main-1/INFO]: Preparing spawn area: 1%
[17:48:08] [Worker-Main-1/INFO]: Preparing spawn area: 1%
[17:48:08] [Worker-Main-1/INFO]: Preparing spawn area: 13%
[17:48:09] [Worker-Main-1/INFO]: Preparing spawn area: 94%
[17:48:09] [Server thread/INFO]: Time elapsed: 49706 ms
[17:48:09] [Server thread/INFO]: Done (61.034s)! For help, type "help"
[17:48:09] [Server thread/INFO]: Starting remote control listener
[17:48:09] [Server thread/INFO]: Thread RCON Listener started
[17:48:09] [Server thread/INFO]: RCON running on 0.0.0.0:25575
[17:50:05] [Server thread/INFO]: Stopping the server
[17:50:05] [Server thread/INFO]: Stopping server
[17:50:05] [Server thread/INFO]: Saving players
[17:50:05] [Server thread/INFO]: Saving worlds
[17:50:10] [Server thread/INFO]: Saving chunks for level 'ServerLevel[world]'/minecraft:overworld
[17:50:10] [Server thread/INFO]: Saving chunks for level 'ServerLevel[world]'/minecraft:the_end
[17:50:10] [Server thread/INFO]: Saving chunks for level 'ServerLevel[world]'/minecraft:the_nether
[17:50:10] [Server thread/INFO]: ThreadedAnvilChunkStorage (world): All chunks are saved
[17:50:10] [Server thread/INFO]: ThreadedAnvilChunkStorage (DIM1): All chunks are saved
[17:50:10] [Server thread/INFO]: ThreadedAnvilChunkStorage (DIM-1): All chunks are saved
[17:50:10] [Server thread/INFO]: ThreadedAnvilChunkStorage: All dimensions are saved
[17:50:10] [Server thread/INFO]: Thread RCON Listener stopped
